{
  "0 debug pnpm:scope": {
    "selected": 1
  },
  "1 error pnpm": {
    "code": "ELIFECYCLE",
    "errno": "ENOENT",
    "syscall": "spawn",
    "file": "sh",
    "pkgid": "landing-page@1.0.0",
    "stage": "sass",
    "script": "sass --poll --watch ./src/css/sass/styles.scss:./src/css/styles.css --update",
    "pkgname": "landing-page",
    "err": {
      "name": "pnpm",
      "message": "landing-page@1.0.0 sass: `sass --poll --watch ./src/css/sass/styles.scss:./src/css/styles.css --update`\nspawn ENOENT",
      "code": "ELIFECYCLE",
      "stack": "pnpm: landing-page@1.0.0 sass: `sass --poll --watch ./src/css/sass/styles.scss:./src/css/styles.css --update`\nspawn ENOENT\n    at ChildProcess.<anonymous> (/usr/lib/node_modules/pnpm/dist/pnpm.cjs:92290:22)\n    at ChildProcess.emit (node:events:527:28)\n    at maybeClose (node:internal/child_process:1090:16)\n    at Process.ChildProcess._handle.onexit (node:internal/child_process:302:5)"
    }
  },
  "2 warn pnpm:global": " Local package.json exists, but node_modules missing, did you mean to install?"
}